0 info it worked if it ends with ok
1 verbose cli [ 'E:\\nodeJs\\node.exe',
1 verbose cli   'E:\\nodeJs\\node_modules\\npm\\bin\\npm-cli.js',
1 verbose cli   'run',
1 verbose cli   'dev',
1 verbose cli   '--scripts-prepend-node-path=auto' ]
2 info using npm@3.10.10
3 info using node@v6.11.1
4 verbose run-script [ 'predev', 'dev', 'postdev' ]
5 info lifecycle cssloader@1.0.0~predev: cssloader@1.0.0
6 silly lifecycle cssloader@1.0.0~predev: no script for predev, continuing
7 info lifecycle cssloader@1.0.0~dev: cssloader@1.0.0
8 verbose lifecycle cssloader@1.0.0~dev: unsafe-perm in lifecycle true
9 verbose lifecycle cssloader@1.0.0~dev: PATH: E:\nodeJs\node_modules\npm\bin\node-gyp-bin;F:\前端练习\Vue学习\day04\项目\vue2.0\node_modules\.bin;C:\WINDOWS\system32;C:\WINDOWS;C:\WINDOWS\System32\Wbem;C:\WINDOWS\System32\WindowsPowerShell\v1.0\;C:\Program Files (x86)\NVIDIA Corporation\PhysX\Common;C:\Program Files\Intel\WiFi\bin\;C:\Program Files\Common Files\Intel\WirelessCommon\;E:\nodeJs\;C:\WINDOWS\system32;C:\WINDOWS;C:\WINDOWS\System32\Wbem;C:\WINDOWS\System32\WindowsPowerShell\v1.0\;E:\Git\cmd;C:\Program Files\Intel\WiFi\bin\;C:\Program Files\Common Files\Intel\WirelessCommon\;C:\Users\晓\AppData\Roaming\npm;%USERPROFILE%\AppData\Local\Microsoft\WindowsApps;
10 verbose lifecycle cssloader@1.0.0~dev: CWD: F:\前端练习\Vue学习\day04\项目\vue2.0
11 silly lifecycle cssloader@1.0.0~dev: Args: [ '/d /s /c',
11 silly lifecycle   'webpack-dev-server --inline --hot --open --port 5008' ]
12 silly lifecycle cssloader@1.0.0~dev: Returned: code: 1  signal: null
13 info lifecycle cssloader@1.0.0~dev: Failed to exec dev script
14 verbose stack Error: cssloader@1.0.0 dev: `webpack-dev-server --inline --hot --open --port 5008`
14 verbose stack Exit status 1
14 verbose stack     at EventEmitter.<anonymous> (E:\nodeJs\node_modules\npm\lib\utils\lifecycle.js:255:16)
14 verbose stack     at emitTwo (events.js:106:13)
14 verbose stack     at EventEmitter.emit (events.js:191:7)
14 verbose stack     at ChildProcess.<anonymous> (E:\nodeJs\node_modules\npm\lib\utils\spawn.js:40:14)
14 verbose stack     at emitTwo (events.js:106:13)
14 verbose stack     at ChildProcess.emit (events.js:191:7)
14 verbose stack     at maybeClose (internal/child_process.js:891:16)
14 verbose stack     at Process.ChildProcess._handle.onexit (internal/child_process.js:226:5)
15 verbose pkgid cssloader@1.0.0
16 verbose cwd F:\前端练习\Vue学习\day04\项目\vue2.0
17 error Windows_NT 10.0.15063
18 error argv "E:\\nodeJs\\node.exe" "E:\\nodeJs\\node_modules\\npm\\bin\\npm-cli.js" "run" "dev" "--scripts-prepend-node-path=auto"
19 error node v6.11.1
20 error npm  v3.10.10
21 error code ELIFECYCLE
22 error cssloader@1.0.0 dev: `webpack-dev-server --inline --hot --open --port 5008`
22 error Exit status 1
23 error Failed at the cssloader@1.0.0 dev script 'webpack-dev-server --inline --hot --open --port 5008'.
23 error Make sure you have the latest version of node.js and npm installed.
23 error If you do, this is most likely a problem with the cssloader package,
23 error not with npm itself.
23 error Tell the author that this fails on your system:
23 error     webpack-dev-server --inline --hot --open --port 5008
23 error You can get information on how to open an issue for this project with:
23 error     npm bugs cssloader
23 error Or if that isn't available, you can get their info via:
23 error     npm owner ls cssloader
23 error There is likely additional logging output above.
24 verbose exit [ 1, true ]
